[16:41:43] [Server thread/INFO]: Starting minecraft server version 1.8
[16:41:43] [Server thread/INFO]: Loading properties
[16:41:43] [Server thread/INFO]: Default game type: SURVIVAL
[16:41:43] [Server thread/INFO]: This server is running CraftBukkit version git-Spigot-da32fe1-df0b4c1 (MC: 1.8) (Implementing API version 1.8-R0.1-SNAPSHOT)
[16:41:44] [Server thread/INFO]: Debug logging is disabled
[16:41:44] [Server thread/INFO]: Server Ping Player Sample Count: 12
[16:41:44] [Server thread/INFO]: Using 4 threads for Netty based IO
[16:41:44] [Server thread/INFO]: Generating keypair
[16:41:44] [Server thread/INFO]: Starting Minecraft server on 85.131.156.202:25565
[16:41:44] [Server thread/INFO]: Set PluginClassLoader as parallel capable
[16:41:44] [Server thread/INFO]: [WorldEdit] Loading WorldEdit v6.0;3342-78f975b9
[16:41:44] [Server thread/INFO]: [Multiverse-Core] Loading Multiverse-Core v2.5-b691
[16:41:44] [Server thread/INFO]: [Essentials] Loading Essentials v2.13.1
[16:41:44] [Server thread/INFO]: [EssentialsChat] Loading EssentialsChat v2.13.1
[16:41:44] [Server thread/INFO]: [EssentialsProtect] Loading EssentialsProtect v2.13.1
[16:41:44] [Server thread/INFO]: [EssentialsSpawn] Loading EssentialsSpawn v2.13.1
[16:41:44] [Server thread/INFO]: [EssentialsAntiBuild] Loading EssentialsAntiBuild v2.13.1
[16:41:44] [Server thread/INFO]: **** Beginning UUID conversion, this may take A LONG time ****
[16:41:44] [Server thread/INFO]: Preparing level "world"
[16:41:44] [Server thread/INFO]: -------- World Settings For [world] --------
[16:41:44] [Server thread/INFO]: Mob Spawn Range: 4
[16:41:44] [Server thread/INFO]: Anti X-Ray: true
[16:41:44] [Server thread/INFO]: 	Engine Mode: 1
[16:41:44] [Server thread/INFO]: 	Hidden Blocks: [14, 15, 16, 21, 48, 49, 54, 56, 73, 74, 82, 129, 130]
[16:41:44] [Server thread/INFO]: 	Replace Blocks: [1, 5]
[16:41:44] [Server thread/INFO]: Nerfing mobs spawned from spawners: false
[16:41:44] [Server thread/INFO]: Cactus Growth Modifier: 100%
[16:41:44] [Server thread/INFO]: Cane Growth Modifier: 100%
[16:41:44] [Server thread/INFO]: Melon Growth Modifier: 100%
[16:41:44] [Server thread/INFO]: Mushroom Growth Modifier: 100%
[16:41:44] [Server thread/INFO]: Pumpkin Growth Modifier: 100%
[16:41:44] [Server thread/INFO]: Sapling Growth Modifier: 100%
[16:41:44] [Server thread/INFO]: Wheat Growth Modifier: 100%
[16:41:44] [Server thread/INFO]: Entity Activation Range: An 32 / Mo 32 / Mi 16
[16:41:44] [Server thread/INFO]: Entity Tracking Range: Pl 48 / An 48 / Mo 48 / Mi 32 / Other 64
[16:41:44] [Server thread/INFO]: Alternative Hopper Ticking: false
[16:41:44] [Server thread/INFO]: Hopper Transfer: 8 Hopper Check: 8 Hopper Amount: 1
[16:41:44] [Server thread/INFO]: Random Lighting Updates: false
[16:41:44] [Server thread/INFO]: Structure Info Saving: true
[16:41:44] [Server thread/INFO]: Sending up to 5 chunks per packet
[16:41:44] [Server thread/INFO]: Max Entity Collisions: 8
[16:41:44] [Server thread/INFO]: Custom Map Seeds:  Village: 10387312 Feature: 14357617
[16:41:44] [Server thread/INFO]: Max TNT Explosions: 100
[16:41:44] [Server thread/INFO]: Item Despawn Rate: 6000
[16:41:44] [Server thread/INFO]: Item Merge Radius: 2.5
[16:41:44] [Server thread/INFO]: Arrow Despawn Rate: 1200
[16:41:44] [Server thread/INFO]: Allow Zombie Pigmen to spawn from portal blocks: true
[16:41:44] [Server thread/INFO]: View Distance: 8
[16:41:44] [Server thread/INFO]: Zombie Aggressive Towards Villager: true
[16:41:44] [Server thread/INFO]: Chunks to Grow per Tick: 650
[16:41:44] [Server thread/INFO]: Clear tick list: false
[16:41:44] [Server thread/INFO]: Experience Merge Radius: 3.0
[16:41:44] [Server thread/INFO]: -------- World Settings For [world_the_end] --------
[16:41:44] [Server thread/INFO]: Mob Spawn Range: 4
[16:41:44] [Server thread/INFO]: Anti X-Ray: true
[16:41:44] [Server thread/INFO]: 	Engine Mode: 1
[16:41:44] [Server thread/INFO]: 	Hidden Blocks: [14, 15, 16, 21, 48, 49, 54, 56, 73, 74, 82, 129, 130]
[16:41:44] [Server thread/INFO]: 	Replace Blocks: [1, 5]
[16:41:44] [Server thread/INFO]: Nerfing mobs spawned from spawners: false
[16:41:44] [Server thread/INFO]: Cactus Growth Modifier: 100%
[16:41:44] [Server thread/INFO]: Cane Growth Modifier: 100%
[16:41:44] [Server thread/INFO]: Melon Growth Modifier: 100%
[16:41:44] [Server thread/INFO]: Mushroom Growth Modifier: 100%
[16:41:44] [Server thread/INFO]: Pumpkin Growth Modifier: 100%
[16:41:44] [Server thread/INFO]: Sapling Growth Modifier: 100%
[16:41:44] [Server thread/INFO]: Wheat Growth Modifier: 100%
[16:41:44] [Server thread/INFO]: Entity Activation Range: An 32 / Mo 32 / Mi 16
[16:41:44] [Server thread/INFO]: Entity Tracking Range: Pl 48 / An 48 / Mo 48 / Mi 32 / Other 64
[16:41:44] [Server thread/INFO]: Alternative Hopper Ticking: false
[16:41:44] [Server thread/INFO]: Hopper Transfer: 8 Hopper Check: 8 Hopper Amount: 1
[16:41:44] [Server thread/INFO]: Random Lighting Updates: false
[16:41:44] [Server thread/INFO]: Structure Info Saving: true
[16:41:44] [Server thread/INFO]: Sending up to 5 chunks per packet
[16:41:44] [Server thread/INFO]: Max Entity Collisions: 8
[16:41:44] [Server thread/INFO]: Custom Map Seeds:  Village: 10387312 Feature: 14357617
[16:41:44] [Server thread/INFO]: Max TNT Explosions: 100
[16:41:44] [Server thread/INFO]: Item Despawn Rate: 6000
[16:41:44] [Server thread/INFO]: Item Merge Radius: 2.5
[16:41:44] [Server thread/INFO]: Arrow Despawn Rate: 1200
[16:41:44] [Server thread/INFO]: Allow Zombie Pigmen to spawn from portal blocks: true
[16:41:44] [Server thread/INFO]: View Distance: 8
[16:41:44] [Server thread/INFO]: Zombie Aggressive Towards Villager: true
[16:41:44] [Server thread/INFO]: Chunks to Grow per Tick: 650
[16:41:44] [Server thread/INFO]: Clear tick list: false
[16:41:44] [Server thread/INFO]: Experience Merge Radius: 3.0
[16:41:44] [Server thread/INFO]: Preparing start region for level 0 (Seed: 1323157708685780200)
[16:41:45] [Server thread/INFO]: Preparing start region for level 1 (Seed: -821644586508629763)
[16:41:46] [Server thread/INFO]: [WorldEdit] Enabling WorldEdit v6.0;3342-78f975b9
[16:41:46] [Server thread/INFO]: WEPIF: Using the Bukkit Permissions API.
[16:41:46] [Server thread/INFO]: [WorldEdit] Using com.sk89q.worldedit.bukkit.adapter.impl.Spigot_v1_8_R1 as the Bukkit adapter
[16:41:46] [Server thread/INFO]: [Multiverse-Core] Enabling Multiverse-Core v2.5-b691
[16:41:46] [Server thread/INFO]: [Multiverse-Core] [AllPay] - Version 13.0 - hooked into Essentials Economy for Multiverse-Core v2.5-b691
[16:41:46] [Server thread/WARN]: [Multiverse-Core] Cannot load worlds.yml
[16:41:46] [Server thread/INFO]: [Multiverse-Core] Loading World & Settings - 'world' - Env: NORMAL - Type: NORMAL & seed: 1323157708685780200
[16:41:46] [Server thread/WARN]: [Multiverse-Core] Spawn location from world.dat file was unsafe. Adjusting...
[16:41:46] [Server thread/WARN]: [Multiverse-Core] Original Location: X: 24 Y: 64 Z: 236 P: 0 Y: 0 
[16:41:46] [Server thread/INFO]: [Multiverse-Core] New Spawn for 'world' is located at: world:27.50,64.00,238.50:0.00:0.00
[16:41:46] [Server thread/INFO]: [Multiverse-Core] Loading World & Settings - 'world_the_end' - Env: THE_END - Type: NORMAL & seed: -821644586508629763
[16:41:46] [Server thread/WARN]: [Multiverse-Core] Spawn location from world.dat file was unsafe. Adjusting...
[16:41:46] [Server thread/WARN]: [Multiverse-Core] Original Location: X: 0 Y: 0 Z: 0 P: 0 Y: 0 
[16:41:46] [Server thread/INFO]: [Multiverse-Core] New Spawn for 'world_the_end' is located at: world_the_end:0.00,59.00,0.00:0.00:0.00
[16:41:46] [Server thread/INFO]: [Multiverse-Core] 2 - World(s) loaded.
[16:41:46] [Server thread/INFO]: [Multiverse-Core] Version 2.5-b691 (API v18) Enabled - By Rigby, fernferret, lithium3141 and main--
[16:41:46] [Server thread/INFO]: [Essentials] Enabling Essentials v2.13.1
[16:41:46] [Server thread/INFO]: Bukkit version format changed. Version not checked.
[16:41:46] [Server thread/INFO]: git-Spigot-da32fe1-df0b4c1 (MC: 1.8)
[16:41:46] [Server thread/INFO]: 1.8-R0.1-SNAPSHOT
[16:41:46] [Server thread/INFO]: Creating config from template: /games/ni556616_2/ftproot/minecraftbukkit/plugins/Essentials/config.yml
[16:41:46] [pool-5-thread-1/INFO]: Creating empty config: /games/ni556616_2/ftproot/minecraftbukkit/plugins/Essentials/upgrades-done.yml
[16:41:46] [Server thread/ERROR]: java.lang.NoSuchMethodError: com.google.common.cache.CacheBuilder.maximumSize(I)Lcom/google/common/cache/CacheBuilder;
[16:41:46] [Server thread/ERROR]: Error occurred while enabling Essentials v2.13.1 (Is it up to date?)
java.lang.NoSuchMethodError: com.google.common.cache.CacheBuilder.maximumSize(I)Lcom/google/common/cache/CacheBuilder;
	at com.earth2me.essentials.UserMap.<init>(UserMap.java:27) ~[?:?]
	at com.earth2me.essentials.Essentials.onEnable(Essentials.java:195) ~[?:?]
	at org.bukkit.plugin.java.JavaPlugin.setEnabled(JavaPlugin.java:321) ~[craftbukkit.jar:git-Spigot-da32fe1-df0b4c1]
	at org.bukkit.plugin.java.JavaPluginLoader.enablePlugin(JavaPluginLoader.java:335) [craftbukkit.jar:git-Spigot-da32fe1-df0b4c1]
	at org.bukkit.plugin.SimplePluginManager.enablePlugin(SimplePluginManager.java:405) [craftbukkit.jar:git-Spigot-da32fe1-df0b4c1]
	at org.bukkit.craftbukkit.v1_8_R1.CraftServer.loadPlugin(CraftServer.java:352) [craftbukkit.jar:git-Spigot-da32fe1-df0b4c1]
	at org.bukkit.craftbukkit.v1_8_R1.CraftServer.enablePlugins(CraftServer.java:313) [craftbukkit.jar:git-Spigot-da32fe1-df0b4c1]
	at net.minecraft.server.v1_8_R1.MinecraftServer.q(MinecraftServer.java:402) [craftbukkit.jar:git-Spigot-da32fe1-df0b4c1]
	at net.minecraft.server.v1_8_R1.MinecraftServer.k(MinecraftServer.java:370) [craftbukkit.jar:git-Spigot-da32fe1-df0b4c1]
	at net.minecraft.server.v1_8_R1.MinecraftServer.a(MinecraftServer.java:325) [craftbukkit.jar:git-Spigot-da32fe1-df0b4c1]
	at net.minecraft.server.v1_8_R1.DedicatedServer.init(DedicatedServer.java:211) [craftbukkit.jar:git-Spigot-da32fe1-df0b4c1]
	at net.minecraft.server.v1_8_R1.MinecraftServer.run(MinecraftServer.java:498) [craftbukkit.jar:git-Spigot-da32fe1-df0b4c1]
	at java.lang.Thread.run(Unknown Source) [?:1.7.0_71]
[16:41:46] [Server thread/INFO]: [EssentialsChat] Enabling EssentialsChat v2.13.1
[16:41:46] [Server thread/INFO]: [EssentialsProtect] Enabling EssentialsProtect v2.13.1
[16:41:46] [Server thread/ERROR]: Essentials not installed or failed to load. Essenials Protect is in emergency mode now.
[16:41:46] [Server thread/INFO]: [EssentialsSpawn] Enabling EssentialsSpawn v2.13.1
[16:41:46] [Server thread/INFO]: [EssentialsAntiBuild] Enabling EssentialsAntiBuild v2.13.1
[16:41:46] [Server thread/INFO]: Server permissions file permissions.yml is empty, ignoring it
[16:41:47] [Server thread/INFO]: Done (2.461s)! For help, type "help" or "?"
[16:41:47] [Server thread/INFO]: Starting GS4 status listener
[16:41:47] [Server thread/INFO]: Setting default query port to 25565
[16:41:47] [Query Listener #1/INFO]: Query running on 85.131.156.202:25565
[16:43:48] [User Authenticator #1/INFO]: UUID of player Dominic_de_Vos is 473c6f8a-17b6-40e3-a068-83a40a96c769
[16:43:49] [Server thread/INFO]: Dominic_de_Vos[/91.56.12.158:64522] logged in with entity id 24 at ([world] 35.5, 66.0, 230.5)
[16:43:55] [Server thread/INFO]: Dominic_de_Vos issued server command: /help
[16:44:44] [Server thread/INFO]: Dominic_de_Vos issued server command: /help
[16:44:46] [Server thread/INFO]: Dominic_de_Vos lost connection: Internal Exception: java.io.IOException: Connection reset by peer
[16:44:46] [Server thread/INFO]: Dominic_de_Vos left the game.
[16:48:12] [User Authenticator #2/INFO]: UUID of player Dominic_de_Vos is 473c6f8a-17b6-40e3-a068-83a40a96c769
[16:48:12] [Server thread/INFO]: Dominic_de_Vos[/91.56.12.158:65059] logged in with entity id 45 at ([world] 24.828409829324606, 63.0, 243.30000001192093)
[16:48:17] [Server thread/INFO]: CONSOLE: Forcing save..[m
[16:48:17] [Server thread/INFO]: CONSOLE: Save complete.[m
